C51 COMPILER V9.01   MAIN                                                                  12/11/2020 18:19:12 PAGE 1   


C51 COMPILER V9.01, COMPILATION OF MODULE MAIN
OBJECT MODULE PLACED IN main.OBJ
COMPILER INVOKED BY: C:\Keil\C51\BIN\C51.EXE main.c BROWSE DEBUG OBJECTEXTEND

line level    source

   1          #include <function.c>  
   2          void main(){
   3   1      
   4   1      init();
   5   1      while(1)
   6   1      run();
   7   1      }


MODULE INFORMATION:   STATIC OVERLAYABLE
   CODE SIZE        =   1381    ----
   CONSTANT SIZE    =    126    ----
   XDATA SIZE       =   ----    ----
   PDATA SIZE       =   ----    ----
   DATA SIZE        =     73    ----
   IDATA SIZE       =   ----    ----
   BIT SIZE         =      7    ----
END OF MODULE INFORMATION.


C51 COMPILATION COMPLETE.  0 WARNING(S),  0 ERROR(S)
